
/home/runner/work/exp-single-phase-full-wave-mid-point-converter-iitr/exp-single-phase-full-wave-mid-point-converter-iitr/experiment/simulation/1 PHASE MP R Load/js/graph.js
    1:10  warning  'plotData' is defined but never used  no-unused-vars
    3:5   warning  'values' is not defined               no-undef
    4:5   warning  'values' is not defined               no-undef
    5:5   warning  'values' is not defined               no-undef
    6:5   warning  'values' is not defined               no-undef
    7:5   warning  'values' is not defined               no-undef
   17:5   warning  'Plotly' is not defined               no-undef
   41:24  warning  'values' is not defined               no-undef
   59:5   warning  'Plotly' is not defined               no-undef
   91:24  warning  'values' is not defined               no-undef
  106:5   warning  'Plotly' is not defined               no-undef
  129:24  warning  'values' is not defined               no-undef
  147:5   warning  'Plotly' is not defined               no-undef
  170:24  warning  'values' is not defined               no-undef
  192:5   warning  'Plotly' is not defined               no-undef
  215:24  warning  'values' is not defined               no-undef
  219:29  warning  'values' is not defined               no-undef
  219:70  warning  'values' is not defined               no-undef
  220:24  warning  'values' is not defined               no-undef
  220:65  warning  'values' is not defined               no-undef
  234:5   warning  'Plotly' is not defined               no-undef
  257:24  warning  'values' is not defined               no-undef
  261:29  warning  'values' is not defined               no-undef
  261:70  warning  'values' is not defined               no-undef
  262:24  warning  'values' is not defined               no-undef
  262:65  warning  'values' is not defined               no-undef
  274:17  warning  'values' is not defined               no-undef
  275:16  warning  'values' is not defined               no-undef
  276:15  warning  'values' is not defined               no-undef
  277:15  warning  'values' is not defined               no-undef
  278:14  warning  'values' is not defined               no-undef
  279:14  warning  'values' is not defined               no-undef
  280:20  warning  'values' is not defined               no-undef
  291:4   warning  'current' is not defined              no-undef
  292:6   warning  'load_voltage' is not defined         no-undef
  293:6   warning  'thyristor_voltage' is not defined    no-undef
  294:6   warning  'thyristor_voltage2' is not defined   no-undef
  295:6   warning  'gate_pulse' is not defined           no-undef
  296:3   warning  'gate_pulse1' is not defined          no-undef
  305:9   warning  'load_voltage' is not defined         no-undef
  306:9   warning  'current' is not defined              no-undef
  307:9   warning  'thyristor_voltage' is not defined    no-undef
  308:9   warning  'thyristor_voltage2' is not defined   no-undef
  312:9   warning  'load_voltage' is not defined         no-undef
  313:9   warning  'thyristor_voltage' is not defined    no-undef
  314:9   warning  'thyristor_voltage2' is not defined   no-undef
  315:9   warning  'current' is not defined              no-undef
  320:11  warning  'load_voltage' is not defined         no-undef
  321:11  warning  'thyristor_voltage2' is not defined   no-undef
  322:11  warning  'thyristor_voltage' is not defined    no-undef
  323:11  warning  'current' is not defined              no-undef
  329:11  warning  'load_voltage' is not defined         no-undef
  330:11  warning  'current' is not defined              no-undef
  331:11  warning  'thyristor_voltage' is not defined    no-undef
  332:11  warning  'thyristor_voltage2' is not defined   no-undef
  335:9   warning  'load_voltage' is not defined         no-undef
  336:9   warning  'thyristor_voltage' is not defined    no-undef
  337:9   warning  'thyristor_voltage2' is not defined   no-undef
  340:9   warning  'current' is not defined              no-undef
  342:9   warning  'load_voltage' is not defined         no-undef
  343:9   warning  'current' is not defined              no-undef
  344:9   warning  'thyristor_voltage2' is not defined   no-undef
  345:9   warning  'thyristor_voltage' is not defined    no-undef
  350:7   warning  'gate_pulse' is not defined           no-undef
  352:7   warning  'gate_pulse' is not defined           no-undef
  356:7   warning  'gate_pulse1' is not defined          no-undef
  358:7   warning  'gate_pulse1' is not defined          no-undef
  402:3   warning  'values' is not defined               no-undef
  403:3   warning  'values' is not defined               no-undef
  404:3   warning  'values' is not defined               no-undef
  405:3   warning  'values' is not defined               no-undef
  410:6   warning  'gate_pulse' is not defined           no-undef
  411:6   warning  'gate_pulse1' is not defined          no-undef
  412:6   warning  'load_voltage' is not defined         no-undef
  413:6   warning  'current' is not defined              no-undef
  414:6   warning  'thyristor_voltage' is not defined    no-undef
  415:6   warning  'thyristor_voltage2' is not defined   no-undef

/home/runner/work/exp-single-phase-full-wave-mid-point-converter-iitr/exp-single-phase-full-wave-mid-point-converter-iitr/experiment/simulation/1 PHASE MP R Load/js/popup.js
   6:10  warning  'openPopup' is defined but never used   no-unused-vars
  14:10  warning  'closePopup' is defined but never used  no-unused-vars

/home/runner/work/exp-single-phase-full-wave-mid-point-converter-iitr/exp-single-phase-full-wave-mid-point-converter-iitr/experiment/simulation/1 PHASE MP R Load/js/script.js
   102:3   warning  Duplicate key 'VM2'                       no-dupe-keys
   111:16  warning  'jsPlumb' is not defined                  no-undef
   116:3   warning  '$' is not defined                        no-undef
   121:3   warning  '$' is not defined                        no-undef
   123:11  warning  '$' is not defined                        no-undef
   129:16  warning  Empty block statement                     no-empty
   131:18  warning  '$' is not defined                        no-undef
   132:13  warning  'a' is already defined                    no-redeclare
   137:16  warning  Empty block statement                     no-empty
   139:18  warning  '$' is not defined                        no-undef
   140:13  warning  'a' is already defined                    no-redeclare
   145:16  warning  Empty block statement                     no-empty
   147:18  warning  '$' is not defined                        no-undef
   148:13  warning  'a' is already defined                    no-redeclare
   153:16  warning  Empty block statement                     no-empty
   155:18  warning  '$' is not defined                        no-undef
   156:13  warning  'a' is already defined                    no-redeclare
   161:16  warning  Empty block statement                     no-empty
   163:18  warning  '$' is not defined                        no-undef
   164:13  warning  'a' is already defined                    no-redeclare
   170:18  warning  '$' is not defined                        no-undef
   171:13  warning  'a' is already defined                    no-redeclare
   176:16  warning  Empty block statement                     no-empty
   178:18  warning  '$' is not defined                        no-undef
   179:13  warning  'a' is already defined                    no-redeclare
   184:16  warning  Empty block statement                     no-empty
   551:12  warning  'createEnd' is defined but never used     no-unused-vars
   936:7   warning  'plotData' is not defined                 no-undef
   940:38  warning  'event' is defined but never used         no-unused-vars
   959:7   warning  'openPopup' is not defined                no-undef
   963:12  warning  'detach' is defined but never used        no-unused-vars
   979:14  warning  'ele' is already defined                  no-redeclare
   994:3   warning  '$' is not defined                        no-undef
   999:3   warning  '$' is not defined                        no-undef
  1001:5   warning  '$' is not defined                        no-undef
  1002:30  warning  '$' is not defined                        no-undef
  1005:5   warning  '$' is not defined                        no-undef
  1033:5   warning  '$' is not defined                        no-undef
  1065:5   warning  '$' is not defined                        no-undef
  1065:42  warning  'event' is defined but never used         no-unused-vars
  1066:7   warning  '$' is not defined                        no-undef
  1071:3   warning  '$' is not defined                        no-undef
  1073:5   warning  '$' is not defined                        no-undef
  1074:30  warning  '$' is not defined                        no-undef
  1077:7   warning  '$' is not defined                        no-undef
  1111:7   warning  '$' is not defined                        no-undef
  1145:5   warning  '$' is not defined                        no-undef
  1145:42  warning  'event' is defined but never used         no-unused-vars
  1146:7   warning  '$' is not defined                        no-undef
  1150:1   warning  '$' is not defined                        no-undef
  1152:3   warning  '$' is not defined                        no-undef
  1153:28  warning  '$' is not defined                        no-undef
  1155:3   warning  '$' is not defined                        no-undef
  1170:3   warning  '$' is not defined                        no-undef
  1170:40  warning  'event' is defined but never used         no-unused-vars
  1171:5   warning  '$' is not defined                        no-undef
  1174:1   warning  '$' is not defined                        no-undef
  1176:3   warning  '$' is not defined                        no-undef
  1177:28  warning  '$' is not defined                        no-undef
  1179:3   warning  '$' is not defined                        no-undef
  1194:3   warning  '$' is not defined                        no-undef
  1194:40  warning  'event' is defined but never used         no-unused-vars
  1195:5   warning  '$' is not defined                        no-undef
  1198:1   warning  '$' is not defined                        no-undef
  1200:3   warning  '$' is not defined                        no-undef
  1201:28  warning  '$' is not defined                        no-undef
  1203:3   warning  '$' is not defined                        no-undef
  1218:3   warning  '$' is not defined                        no-undef
  1218:40  warning  'event' is defined but never used         no-unused-vars
  1219:5   warning  '$' is not defined                        no-undef
  1225:3   warning  '$' is not defined                        no-undef
  1227:5   warning  '$' is not defined                        no-undef
  1228:30  warning  '$' is not defined                        no-undef
  1231:7   warning  '$' is not defined                        no-undef
  1266:7   warning  '$' is not defined                        no-undef
  1300:5   warning  '$' is not defined                        no-undef
  1300:42  warning  'event' is defined but never used         no-unused-vars
  1301:7   warning  '$' is not defined                        no-undef
  1305:3   warning  '$' is not defined                        no-undef
  1307:5   warning  '$' is not defined                        no-undef
  1308:30  warning  '$' is not defined                        no-undef
  1311:7   warning  '$' is not defined                        no-undef
  1346:7   warning  '$' is not defined                        no-undef
  1380:5   warning  '$' is not defined                        no-undef
  1380:42  warning  'event' is defined but never used         no-unused-vars
  1381:7   warning  '$' is not defined                        no-undef
  1388:10  warning  'vlotEnter' is defined but never used     no-unused-vars
  1391:3   warning  '$' is not defined                        no-undef
  1393:5   warning  'plotData' is not defined                 no-undef
  1396:10  warning  'freqEnter' is defined but never used     no-unused-vars
  1399:3   warning  '$' is not defined                        no-undef
  1401:5   warning  'plotData' is not defined                 no-undef
  1405:10  warning  'changeName' is defined but never used    no-unused-vars
  1408:3   warning  '$' is not defined                        no-undef
  1410:5   warning  'plotData' is not defined                 no-undef
  1414:10  warning  'changeValue' is defined but never used   no-unused-vars
  1417:3   warning  '$' is not defined                        no-undef
  1419:10  warning  'dcSubmited' is defined but never used    no-unused-vars
  1425:7   warning  'openPopup' is not defined                no-undef
  1434:7   warning  '$' is not defined                        no-undef
  1440:9   warning  '$' is not defined                        no-undef
  1441:9   warning  '$' is not defined                        no-undef
  1448:7   warning  '$' is not defined                        no-undef
  1451:11  warning  'connectedGatePulse' is already defined   no-redeclare
  1454:9   warning  '$' is not defined                        no-undef
  1455:9   warning  '$' is not defined                        no-undef
  1464:9   warning  'openPopup' is not defined                no-undef
  1466:9   warning  'openPopup' is not defined                no-undef
  1475:9   warning  '$' is not defined                        no-undef
  1478:13  warning  'connectedGatePulse' is already defined   no-redeclare
  1481:11  warning  '$' is not defined                        no-undef
  1482:11  warning  '$' is not defined                        no-undef
  1492:9   warning  'openPopup' is not defined                no-undef
  1494:9   warning  'openPopup' is not defined                no-undef
  1503:9   warning  '$' is not defined                        no-undef
  1506:13  warning  'connectedGatePulse' is already defined   no-redeclare
  1509:11  warning  '$' is not defined                        no-undef
  1510:11  warning  '$' is not defined                        no-undef
  1522:5   warning  'plotData' is not defined                 no-undef
  1545:10  warning  'acSubmited' is defined but never used    no-unused-vars
  1551:5   warning  '$' is not defined                        no-undef
  1558:5   warning  '$' is not defined                        no-undef
  1562:5   warning  'plotData' is not defined                 no-undef
  1565:10  warning  'DcSubmited' is defined but never used    no-unused-vars
  1572:5   warning  '$' is not defined                        no-undef
  1577:5   warning  'plotData' is not defined                 no-undef
  1581:10  warning  'instchange' is defined but never used    no-unused-vars
  1585:1   warning  '$' is not defined                        no-undef
  1586:3   warning  '$' is not defined                        no-undef
  1587:5   warning  '$' is not defined                        no-undef
  1593:7   warning  'openPopup' is not defined                no-undef
  1599:7   warning  'openPopup' is not defined                no-undef
  1609:5   warning  'openPopup' is not defined                no-undef
  1617:5   warning  'count' is already defined                no-redeclare
  1619:10  warning  'showreadings' is defined but never used  no-unused-vars
  1653:7   warning  'openPopup' is not defined                no-undef

/home/runner/work/exp-single-phase-full-wave-mid-point-converter-iitr/exp-single-phase-full-wave-mid-point-converter-iitr/experiment/simulation/1 PHASE MP RL Load/js/graph.js
    1:10  warning  'plotData' is defined but never used                                                                                   no-unused-vars
    3:5   warning  'values' is not defined                                                                                                no-undef
    4:5   warning  'values' is not defined                                                                                                no-undef
    5:5   warning  'values' is not defined                                                                                                no-undef
    6:5   warning  'values' is not defined                                                                                                no-undef
    7:5   warning  'values' is not defined                                                                                                no-undef
    8:5   warning  'values' is not defined                                                                                                no-undef
   18:5   warning  'Plotly' is not defined                                                                                                no-undef
   42:24  warning  'values' is not defined                                                                                                no-undef
   63:5   warning  'Plotly' is not defined                                                                                                no-undef
   95:24  warning  'values' is not defined                                                                                                no-undef
  110:5   warning  'Plotly' is not defined                                                                                                no-undef
  133:24  warning  'values' is not defined                                                                                                no-undef
  153:5   warning  'Plotly' is not defined                                                                                                no-undef
  176:24  warning  'values' is not defined                                                                                                no-undef
  198:5   warning  'Plotly' is not defined                                                                                                no-undef
  221:24  warning  'values' is not defined                                                                                                no-undef
  226:25  warning  'values' is not defined                                                                                                no-undef
  227:32  warning  'values' is not defined                                                                                                no-undef
  228:22  warning  'values' is not defined                                                                                                no-undef
  229:30  warning  'values' is not defined                                                                                                no-undef
  243:5   warning  'Plotly' is not defined                                                                                                no-undef
  266:24  warning  'values' is not defined                                                                                                no-undef
  271:25  warning  'values' is not defined                                                                                                no-undef
  272:32  warning  'values' is not defined                                                                                                no-undef
  273:22  warning  'values' is not defined                                                                                                no-undef
  274:30  warning  'values' is not defined                                                                                                no-undef
  286:28  warning  'values' is not defined                                                                                                no-undef
  287:25  warning  'values' is not defined                                                                                                no-undef
  288:25  warning  'values' is not defined                                                                                                no-undef
  289:25  warning  'values' is not defined                                                                                                no-undef
  290:25  warning  'values' is not defined                                                                                                no-undef
  291:25  warning  'values' is not defined                                                                                                no-undef
  292:31  warning  'values' is not defined                                                                                                no-undef
  293:31  warning  'values' is not defined                                                                                                no-undef
  311:9   warning  'first_cycle_flag' is already defined                                                                                  no-redeclare
  316:9   warning  'second_cycle_flag' is already defined                                                                                 no-redeclare
  362:13  warning  'beta2' is assigned a value but never used                                                                             no-unused-vars
  377:7   warning  'inductor_resistance' is assigned a value but never used                                                               no-unused-vars
  483:29  warning  'extra_current' is assigned to itself                                                                                  no-self-assign
  530:14  warning  This branch can never execute. Its condition is a duplicate or covered by previous conditions in the if-else-if chain  no-dupe-else-if
  594:9   warning  'time_p' is already defined                                                                                            no-redeclare
  779:3   warning  'values' is not defined                                                                                                no-undef
  780:3   warning  'values' is not defined                                                                                                no-undef
  781:3   warning  'values' is not defined                                                                                                no-undef
  782:3   warning  'values' is not defined                                                                                                no-undef

/home/runner/work/exp-single-phase-full-wave-mid-point-converter-iitr/exp-single-phase-full-wave-mid-point-converter-iitr/experiment/simulation/1 PHASE MP RL Load/js/popup.js
   6:10  warning  'openPopup' is defined but never used   no-unused-vars
  14:10  warning  'closePopup' is defined but never used  no-unused-vars

/home/runner/work/exp-single-phase-full-wave-mid-point-converter-iitr/exp-single-phase-full-wave-mid-point-converter-iitr/experiment/simulation/1 PHASE MP RL Load/js/script.js
   111:3   warning  Duplicate key 'VM2'                       no-dupe-keys
   120:16  warning  'jsPlumb' is not defined                  no-undef
   125:3   warning  '$' is not defined                        no-undef
   130:3   warning  '$' is not defined                        no-undef
   132:11  warning  '$' is not defined                        no-undef
   138:16  warning  Empty block statement                     no-empty
   140:18  warning  '$' is not defined                        no-undef
   141:13  warning  'a' is already defined                    no-redeclare
   146:16  warning  Empty block statement                     no-empty
   148:18  warning  '$' is not defined                        no-undef
   149:13  warning  'a' is already defined                    no-redeclare
   154:16  warning  Empty block statement                     no-empty
   156:18  warning  '$' is not defined                        no-undef
   157:13  warning  'a' is already defined                    no-redeclare
   162:16  warning  Empty block statement                     no-empty
   164:18  warning  '$' is not defined                        no-undef
   165:13  warning  'a' is already defined                    no-redeclare
   170:16  warning  Empty block statement                     no-empty
   172:18  warning  '$' is not defined                        no-undef
   173:13  warning  'a' is already defined                    no-redeclare
   179:18  warning  '$' is not defined                        no-undef
   180:13  warning  'a' is already defined                    no-redeclare
   185:16  warning  Empty block statement                     no-empty
   187:18  warning  '$' is not defined                        no-undef
   188:13  warning  'a' is already defined                    no-redeclare
   193:16  warning  Empty block statement                     no-empty
   195:18  warning  '$' is not defined                        no-undef
   196:13  warning  'a' is already defined                    no-redeclare
   201:16  warning  Empty block statement                     no-empty
   589:12  warning  'createEnd' is defined but never used     no-unused-vars
   995:7   warning  'plotData' is not defined                 no-undef
   999:38  warning  'event' is defined but never used         no-unused-vars
  1018:7   warning  'openPopup' is not defined                no-undef
  1022:12  warning  'detach' is defined but never used        no-unused-vars
  1038:14  warning  'ele' is already defined                  no-redeclare
  1053:3   warning  '$' is not defined                        no-undef
  1058:3   warning  '$' is not defined                        no-undef
  1060:5   warning  '$' is not defined                        no-undef
  1061:30  warning  '$' is not defined                        no-undef
  1064:5   warning  '$' is not defined                        no-undef
  1092:5   warning  '$' is not defined                        no-undef
  1124:5   warning  '$' is not defined                        no-undef
  1124:42  warning  'event' is defined but never used         no-unused-vars
  1125:7   warning  '$' is not defined                        no-undef
  1129:4   warning  '$' is not defined                        no-undef
  1131:5   warning  '$' is not defined                        no-undef
  1132:30  warning  '$' is not defined                        no-undef
  1135:7   warning  '$' is not defined                        no-undef
  1163:7   warning  '$' is not defined                        no-undef
  1191:5   warning  '$' is not defined                        no-undef
  1191:42  warning  'event' is defined but never used         no-unused-vars
  1192:7   warning  '$' is not defined                        no-undef
  1197:3   warning  '$' is not defined                        no-undef
  1199:5   warning  '$' is not defined                        no-undef
  1200:30  warning  '$' is not defined                        no-undef
  1203:7   warning  '$' is not defined                        no-undef
  1237:7   warning  '$' is not defined                        no-undef
  1271:5   warning  '$' is not defined                        no-undef
  1271:42  warning  'event' is defined but never used         no-unused-vars
  1272:7   warning  '$' is not defined                        no-undef
  1276:1   warning  '$' is not defined                        no-undef
  1278:3   warning  '$' is not defined                        no-undef
  1279:28  warning  '$' is not defined                        no-undef
  1281:3   warning  '$' is not defined                        no-undef
  1296:3   warning  '$' is not defined                        no-undef
  1296:40  warning  'event' is defined but never used         no-unused-vars
  1297:5   warning  '$' is not defined                        no-undef
  1300:1   warning  '$' is not defined                        no-undef
  1302:3   warning  '$' is not defined                        no-undef
  1303:28  warning  '$' is not defined                        no-undef
  1305:3   warning  '$' is not defined                        no-undef
  1320:3   warning  '$' is not defined                        no-undef
  1320:40  warning  'event' is defined but never used         no-unused-vars
  1321:5   warning  '$' is not defined                        no-undef
  1324:1   warning  '$' is not defined                        no-undef
  1326:3   warning  '$' is not defined                        no-undef
  1327:28  warning  '$' is not defined                        no-undef
  1329:3   warning  '$' is not defined                        no-undef
  1344:3   warning  '$' is not defined                        no-undef
  1344:40  warning  'event' is defined but never used         no-unused-vars
  1345:5   warning  '$' is not defined                        no-undef
  1350:3   warning  '$' is not defined                        no-undef
  1352:5   warning  '$' is not defined                        no-undef
  1353:30  warning  '$' is not defined                        no-undef
  1356:7   warning  '$' is not defined                        no-undef
  1391:7   warning  '$' is not defined                        no-undef
  1425:5   warning  '$' is not defined                        no-undef
  1425:42  warning  'event' is defined but never used         no-unused-vars
  1426:7   warning  '$' is not defined                        no-undef
  1430:3   warning  '$' is not defined                        no-undef
  1432:5   warning  '$' is not defined                        no-undef
  1433:30  warning  '$' is not defined                        no-undef
  1436:7   warning  '$' is not defined                        no-undef
  1471:7   warning  '$' is not defined                        no-undef
  1505:5   warning  '$' is not defined                        no-undef
  1505:42  warning  'event' is defined but never used         no-unused-vars
  1506:7   warning  '$' is not defined                        no-undef
  1513:10  warning  'dLSubmited' is defined but never used    no-unused-vars
  1520:5   warning  '$' is not defined                        no-undef
  1525:5   warning  'plotData' is not defined                 no-undef
  1530:10  warning  'vlotEnter' is defined but never used     no-unused-vars
  1533:3   warning  '$' is not defined                        no-undef
  1535:5   warning  'plotData' is not defined                 no-undef
  1538:10  warning  'freqEnter' is defined but never used     no-unused-vars
  1541:3   warning  '$' is not defined                        no-undef
  1543:5   warning  'plotData' is not defined                 no-undef
  1547:10  warning  'changeName' is defined but never used    no-unused-vars
  1550:3   warning  '$' is not defined                        no-undef
  1552:5   warning  'plotData' is not defined                 no-undef
  1556:10  warning  'changeValue' is defined but never used   no-unused-vars
  1559:3   warning  '$' is not defined                        no-undef
  1561:10  warning  'dcSubmited' is defined but never used    no-unused-vars
  1567:7   warning  'openPopup' is not defined                no-undef
  1576:7   warning  '$' is not defined                        no-undef
  1582:9   warning  '$' is not defined                        no-undef
  1583:9   warning  '$' is not defined                        no-undef
  1590:7   warning  '$' is not defined                        no-undef
  1593:11  warning  'connectedGatePulse' is already defined   no-redeclare
  1596:9   warning  '$' is not defined                        no-undef
  1597:9   warning  '$' is not defined                        no-undef
  1606:9   warning  'openPopup' is not defined                no-undef
  1608:9   warning  'openPopup' is not defined                no-undef
  1617:9   warning  '$' is not defined                        no-undef
  1620:13  warning  'connectedGatePulse' is already defined   no-redeclare
  1623:11  warning  '$' is not defined                        no-undef
  1624:11  warning  '$' is not defined                        no-undef
  1634:9   warning  'openPopup' is not defined                no-undef
  1636:9   warning  'openPopup' is not defined                no-undef
  1645:9   warning  '$' is not defined                        no-undef
  1648:13  warning  'connectedGatePulse' is already defined   no-redeclare
  1651:11  warning  '$' is not defined                        no-undef
  1652:11  warning  '$' is not defined                        no-undef
  1664:5   warning  'plotData' is not defined                 no-undef
  1687:10  warning  'acSubmited' is defined but never used    no-unused-vars
  1693:5   warning  '$' is not defined                        no-undef
  1700:5   warning  '$' is not defined                        no-undef
  1704:5   warning  'plotData' is not defined                 no-undef
  1707:10  warning  'DcSubmited' is defined but never used    no-unused-vars
  1714:5   warning  '$' is not defined                        no-undef
  1719:5   warning  'plotData' is not defined                 no-undef
  1723:10  warning  'instchange' is defined but never used    no-unused-vars
  1727:1   warning  '$' is not defined                        no-undef
  1728:3   warning  '$' is not defined                        no-undef
  1729:5   warning  '$' is not defined                        no-undef
  1735:7   warning  'openPopup' is not defined                no-undef
  1741:7   warning  'openPopup' is not defined                no-undef
  1751:5   warning  'openPopup' is not defined                no-undef
  1759:5   warning  'count' is already defined                no-redeclare
  1761:10  warning  'showreadings' is defined but never used  no-unused-vars
  1795:7   warning  'openPopup' is not defined                no-undef

/home/runner/work/exp-single-phase-full-wave-mid-point-converter-iitr/exp-single-phase-full-wave-mid-point-converter-iitr/experiment/simulation/Mid-Point Converter/1 PHASE MP R Load/js/graph.js
    1:10  warning  'plotData' is defined but never used  no-unused-vars
    3:5   warning  'values' is not defined               no-undef
    4:5   warning  'values' is not defined               no-undef
    5:5   warning  'values' is not defined               no-undef
    6:5   warning  'values' is not defined               no-undef
    7:5   warning  'values' is not defined               no-undef
   17:5   warning  'Plotly' is not defined               no-undef
   41:24  warning  'values' is not defined               no-undef
   59:5   warning  'Plotly' is not defined               no-undef
   91:24  warning  'values' is not defined               no-undef
  106:5   warning  'Plotly' is not defined               no-undef
  129:24  warning  'values' is not defined               no-undef
  147:5   warning  'Plotly' is not defined               no-undef
  170:24  warning  'values' is not defined               no-undef
  192:5   warning  'Plotly' is not defined               no-undef
  215:24  warning  'values' is not defined               no-undef
  219:29  warning  'values' is not defined               no-undef
  219:70  warning  'values' is not defined               no-undef
  220:24  warning  'values' is not defined               no-undef
  220:65  warning  'values' is not defined               no-undef
  234:5   warning  'Plotly' is not defined               no-undef
  257:24  warning  'values' is not defined               no-undef
  261:29  warning  'values' is not defined               no-undef
  261:70  warning  'values' is not defined               no-undef
  262:24  warning  'values' is not defined               no-undef
  262:65  warning  'values' is not defined               no-undef
  274:17  warning  'values' is not defined               no-undef
  275:16  warning  'values' is not defined               no-undef
  276:15  warning  'values' is not defined               no-undef
  277:15  warning  'values' is not defined               no-undef
  278:14  warning  'values' is not defined               no-undef
  279:14  warning  'values' is not defined               no-undef
  280:20  warning  'values' is not defined               no-undef
  291:4   warning  'current' is not defined              no-undef
  292:6   warning  'load_voltage' is not defined         no-undef
  293:6   warning  'thyristor_voltage' is not defined    no-undef
  294:6   warning  'thyristor_voltage2' is not defined   no-undef
  295:6   warning  'gate_pulse' is not defined           no-undef
  296:3   warning  'gate_pulse1' is not defined          no-undef
  305:9   warning  'load_voltage' is not defined         no-undef
  306:9   warning  'current' is not defined              no-undef
  307:9   warning  'thyristor_voltage' is not defined    no-undef
  308:9   warning  'thyristor_voltage2' is not defined   no-undef
  312:9   warning  'load_voltage' is not defined         no-undef
  313:9   warning  'thyristor_voltage' is not defined    no-undef
  314:9   warning  'thyristor_voltage2' is not defined   no-undef
  315:9   warning  'current' is not defined              no-undef
  320:11  warning  'load_voltage' is not defined         no-undef
  321:11  warning  'thyristor_voltage2' is not defined   no-undef
  322:11  warning  'thyristor_voltage' is not defined    no-undef
  323:11  warning  'current' is not defined              no-undef
  329:11  warning  'load_voltage' is not defined         no-undef
  330:11  warning  'current' is not defined              no-undef
  331:11  warning  'thyristor_voltage' is not defined    no-undef
  332:11  warning  'thyristor_voltage2' is not defined   no-undef
  335:9   warning  'load_voltage' is not defined         no-undef
  336:9   warning  'thyristor_voltage' is not defined    no-undef
  337:9   warning  'thyristor_voltage2' is not defined   no-undef
  340:9   warning  'current' is not defined              no-undef
  342:9   warning  'load_voltage' is not defined         no-undef
  343:9   warning  'current' is not defined              no-undef
  344:9   warning  'thyristor_voltage2' is not defined   no-undef
  345:9   warning  'thyristor_voltage' is not defined    no-undef
  350:7   warning  'gate_pulse' is not defined           no-undef
  352:7   warning  'gate_pulse' is not defined           no-undef
  356:7   warning  'gate_pulse1' is not defined          no-undef
  358:7   warning  'gate_pulse1' is not defined          no-undef
  402:3   warning  'values' is not defined               no-undef
  403:3   warning  'values' is not defined               no-undef
  404:3   warning  'values' is not defined               no-undef
  405:3   warning  'values' is not defined               no-undef
  410:6   warning  'gate_pulse' is not defined           no-undef
  411:6   warning  'gate_pulse1' is not defined          no-undef
  412:6   warning  'load_voltage' is not defined         no-undef
  413:6   warning  'current' is not defined              no-undef
  414:6   warning  'thyristor_voltage' is not defined    no-undef
  415:6   warning  'thyristor_voltage2' is not defined   no-undef

/home/runner/work/exp-single-phase-full-wave-mid-point-converter-iitr/exp-single-phase-full-wave-mid-point-converter-iitr/experiment/simulation/Mid-Point Converter/1 PHASE MP R Load/js/popup.js
   6:10  warning  'openPopup' is defined but never used   no-unused-vars
  14:10  warning  'closePopup' is defined but never used  no-unused-vars

/home/runner/work/exp-single-phase-full-wave-mid-point-converter-iitr/exp-single-phase-full-wave-mid-point-converter-iitr/experiment/simulation/Mid-Point Converter/1 PHASE MP R Load/js/script.js
   102:3   warning  Duplicate key 'VM2'                       no-dupe-keys
   111:16  warning  'jsPlumb' is not defined                  no-undef
   116:3   warning  '$' is not defined                        no-undef
   121:3   warning  '$' is not defined                        no-undef
   123:11  warning  '$' is not defined                        no-undef
   129:16  warning  Empty block statement                     no-empty
   131:18  warning  '$' is not defined                        no-undef
   132:13  warning  'a' is already defined                    no-redeclare
   137:16  warning  Empty block statement                     no-empty
   139:18  warning  '$' is not defined                        no-undef
   140:13  warning  'a' is already defined                    no-redeclare
   145:16  warning  Empty block statement                     no-empty
   147:18  warning  '$' is not defined                        no-undef
   148:13  warning  'a' is already defined                    no-redeclare
   153:16  warning  Empty block statement                     no-empty
   155:18  warning  '$' is not defined                        no-undef
   156:13  warning  'a' is already defined                    no-redeclare
   161:16  warning  Empty block statement                     no-empty
   163:18  warning  '$' is not defined                        no-undef
   164:13  warning  'a' is already defined                    no-redeclare
   170:18  warning  '$' is not defined                        no-undef
   171:13  warning  'a' is already defined                    no-redeclare
   176:16  warning  Empty block statement                     no-empty
   178:18  warning  '$' is not defined                        no-undef
   179:13  warning  'a' is already defined                    no-redeclare
   184:16  warning  Empty block statement                     no-empty
   551:12  warning  'createEnd' is defined but never used     no-unused-vars
   936:7   warning  'plotData' is not defined                 no-undef
   940:38  warning  'event' is defined but never used         no-unused-vars
   959:7   warning  'openPopup' is not defined                no-undef
   963:12  warning  'detach' is defined but never used        no-unused-vars
   979:14  warning  'ele' is already defined                  no-redeclare
   994:3   warning  '$' is not defined                        no-undef
   999:3   warning  '$' is not defined                        no-undef
  1001:5   warning  '$' is not defined                        no-undef
  1002:30  warning  '$' is not defined                        no-undef
  1005:5   warning  '$' is not defined                        no-undef
  1033:5   warning  '$' is not defined                        no-undef
  1065:5   warning  '$' is not defined                        no-undef
  1065:42  warning  'event' is defined but never used         no-unused-vars
  1066:7   warning  '$' is not defined                        no-undef
  1071:3   warning  '$' is not defined                        no-undef
  1073:5   warning  '$' is not defined                        no-undef
  1074:30  warning  '$' is not defined                        no-undef
  1077:7   warning  '$' is not defined                        no-undef
  1111:7   warning  '$' is not defined                        no-undef
  1145:5   warning  '$' is not defined                        no-undef
  1145:42  warning  'event' is defined but never used         no-unused-vars
  1146:7   warning  '$' is not defined                        no-undef
  1150:1   warning  '$' is not defined                        no-undef
  1152:3   warning  '$' is not defined                        no-undef
  1153:28  warning  '$' is not defined                        no-undef
  1155:3   warning  '$' is not defined                        no-undef
  1170:3   warning  '$' is not defined                        no-undef
  1170:40  warning  'event' is defined but never used         no-unused-vars
  1171:5   warning  '$' is not defined                        no-undef
  1174:1   warning  '$' is not defined                        no-undef
  1176:3   warning  '$' is not defined                        no-undef
  1177:28  warning  '$' is not defined                        no-undef
  1179:3   warning  '$' is not defined                        no-undef
  1194:3   warning  '$' is not defined                        no-undef
  1194:40  warning  'event' is defined but never used         no-unused-vars
  1195:5   warning  '$' is not defined                        no-undef
  1198:1   warning  '$' is not defined                        no-undef
  1200:3   warning  '$' is not defined                        no-undef
  1201:28  warning  '$' is not defined                        no-undef
  1203:3   warning  '$' is not defined                        no-undef
  1218:3   warning  '$' is not defined                        no-undef
  1218:40  warning  'event' is defined but never used         no-unused-vars
  1219:5   warning  '$' is not defined                        no-undef
  1225:3   warning  '$' is not defined                        no-undef
  1227:5   warning  '$' is not defined                        no-undef
  1228:30  warning  '$' is not defined                        no-undef
  1231:7   warning  '$' is not defined                        no-undef
  1266:7   warning  '$' is not defined                        no-undef
  1300:5   warning  '$' is not defined                        no-undef
  1300:42  warning  'event' is defined but never used         no-unused-vars
  1301:7   warning  '$' is not defined                        no-undef
  1305:3   warning  '$' is not defined                        no-undef
  1307:5   warning  '$' is not defined                        no-undef
  1308:30  warning  '$' is not defined                        no-undef
  1311:7   warning  '$' is not defined                        no-undef
  1346:7   warning  '$' is not defined                        no-undef
  1380:5   warning  '$' is not defined                        no-undef
  1380:42  warning  'event' is defined but never used         no-unused-vars
  1381:7   warning  '$' is not defined                        no-undef
  1388:10  warning  'vlotEnter' is defined but never used     no-unused-vars
  1391:3   warning  '$' is not defined                        no-undef
  1393:5   warning  'plotData' is not defined                 no-undef
  1396:10  warning  'freqEnter' is defined but never used     no-unused-vars
  1399:3   warning  '$' is not defined                        no-undef
  1401:5   warning  'plotData' is not defined                 no-undef
  1405:10  warning  'changeName' is defined but never used    no-unused-vars
  1408:3   warning  '$' is not defined                        no-undef
  1410:5   warning  'plotData' is not defined                 no-undef
  1414:10  warning  'changeValue' is defined but never used   no-unused-vars
  1417:3   warning  '$' is not defined                        no-undef
  1419:10  warning  'dcSubmited' is defined but never used    no-unused-vars
  1425:7   warning  'openPopup' is not defined                no-undef
  1434:7   warning  '$' is not defined                        no-undef
  1440:9   warning  '$' is not defined                        no-undef
  1441:9   warning  '$' is not defined                        no-undef
  1448:7   warning  '$' is not defined                        no-undef
  1451:11  warning  'connectedGatePulse' is already defined   no-redeclare
  1454:9   warning  '$' is not defined                        no-undef
  1455:9   warning  '$' is not defined                        no-undef
  1464:9   warning  'openPopup' is not defined                no-undef
  1466:9   warning  'openPopup' is not defined                no-undef
  1475:9   warning  '$' is not defined                        no-undef
  1478:13  warning  'connectedGatePulse' is already defined   no-redeclare
  1481:11  warning  '$' is not defined                        no-undef
  1482:11  warning  '$' is not defined                        no-undef
  1492:9   warning  'openPopup' is not defined                no-undef
  1494:9   warning  'openPopup' is not defined                no-undef
  1503:9   warning  '$' is not defined                        no-undef
  1506:13  warning  'connectedGatePulse' is already defined   no-redeclare
  1509:11  warning  '$' is not defined                        no-undef
  1510:11  warning  '$' is not defined                        no-undef
  1522:5   warning  'plotData' is not defined                 no-undef
  1545:10  warning  'acSubmited' is defined but never used    no-unused-vars
  1551:5   warning  '$' is not defined                        no-undef
  1558:5   warning  '$' is not defined                        no-undef
  1562:5   warning  'plotData' is not defined                 no-undef
  1565:10  warning  'DcSubmited' is defined but never used    no-unused-vars
  1572:5   warning  '$' is not defined                        no-undef
  1577:5   warning  'plotData' is not defined                 no-undef
  1581:10  warning  'instchange' is defined but never used    no-unused-vars
  1585:1   warning  '$' is not defined                        no-undef
  1586:3   warning  '$' is not defined                        no-undef
  1587:5   warning  '$' is not defined                        no-undef
  1593:7   warning  'openPopup' is not defined                no-undef
  1599:7   warning  'openPopup' is not defined                no-undef
  1609:5   warning  'openPopup' is not defined                no-undef
  1617:5   warning  'count' is already defined                no-redeclare
  1619:10  warning  'showreadings' is defined but never used  no-unused-vars
  1653:7   warning  'openPopup' is not defined                no-undef

/home/runner/work/exp-single-phase-full-wave-mid-point-converter-iitr/exp-single-phase-full-wave-mid-point-converter-iitr/experiment/simulation/Mid-Point Converter/1 PHASE MP RL Load/js/graph.js
    1:10  warning  'plotData' is defined but never used                                                                                   no-unused-vars
    3:5   warning  'values' is not defined                                                                                                no-undef
    4:5   warning  'values' is not defined                                                                                                no-undef
    5:5   warning  'values' is not defined                                                                                                no-undef
    6:5   warning  'values' is not defined                                                                                                no-undef
    7:5   warning  'values' is not defined                                                                                                no-undef
    8:5   warning  'values' is not defined                                                                                                no-undef
   18:5   warning  'Plotly' is not defined                                                                                                no-undef
   42:24  warning  'values' is not defined                                                                                                no-undef
   63:5   warning  'Plotly' is not defined                                                                                                no-undef
   95:24  warning  'values' is not defined                                                                                                no-undef
  110:5   warning  'Plotly' is not defined                                                                                                no-undef
  133:24  warning  'values' is not defined                                                                                                no-undef
  153:5   warning  'Plotly' is not defined                                                                                                no-undef
  176:24  warning  'values' is not defined                                                                                                no-undef
  198:5   warning  'Plotly' is not defined                                                                                                no-undef
  221:24  warning  'values' is not defined                                                                                                no-undef
  226:25  warning  'values' is not defined                                                                                                no-undef
  227:32  warning  'values' is not defined                                                                                                no-undef
  228:22  warning  'values' is not defined                                                                                                no-undef
  229:30  warning  'values' is not defined                                                                                                no-undef
  243:5   warning  'Plotly' is not defined                                                                                                no-undef
  266:24  warning  'values' is not defined                                                                                                no-undef
  271:25  warning  'values' is not defined                                                                                                no-undef
  272:32  warning  'values' is not defined                                                                                                no-undef
  273:22  warning  'values' is not defined                                                                                                no-undef
  274:30  warning  'values' is not defined                                                                                                no-undef
  286:28  warning  'values' is not defined                                                                                                no-undef
  287:25  warning  'values' is not defined                                                                                                no-undef
  288:25  warning  'values' is not defined                                                                                                no-undef
  289:25  warning  'values' is not defined                                                                                                no-undef
  290:25  warning  'values' is not defined                                                                                                no-undef
  291:25  warning  'values' is not defined                                                                                                no-undef
  292:31  warning  'values' is not defined                                                                                                no-undef
  293:31  warning  'values' is not defined                                                                                                no-undef
  311:9   warning  'first_cycle_flag' is already defined                                                                                  no-redeclare
  316:9   warning  'second_cycle_flag' is already defined                                                                                 no-redeclare
  362:13  warning  'beta2' is assigned a value but never used                                                                             no-unused-vars
  377:7   warning  'inductor_resistance' is assigned a value but never used                                                               no-unused-vars
  483:29  warning  'extra_current' is assigned to itself                                                                                  no-self-assign
  530:14  warning  This branch can never execute. Its condition is a duplicate or covered by previous conditions in the if-else-if chain  no-dupe-else-if
  594:9   warning  'time_p' is already defined                                                                                            no-redeclare
  779:3   warning  'values' is not defined                                                                                                no-undef
  780:3   warning  'values' is not defined                                                                                                no-undef
  781:3   warning  'values' is not defined                                                                                                no-undef
  782:3   warning  'values' is not defined                                                                                                no-undef

/home/runner/work/exp-single-phase-full-wave-mid-point-converter-iitr/exp-single-phase-full-wave-mid-point-converter-iitr/experiment/simulation/Mid-Point Converter/1 PHASE MP RL Load/js/popup.js
   6:10  warning  'openPopup' is defined but never used   no-unused-vars
  14:10  warning  'closePopup' is defined but never used  no-unused-vars

/home/runner/work/exp-single-phase-full-wave-mid-point-converter-iitr/exp-single-phase-full-wave-mid-point-converter-iitr/experiment/simulation/Mid-Point Converter/1 PHASE MP RL Load/js/script.js
   111:3   warning  Duplicate key 'VM2'                       no-dupe-keys
   120:16  warning  'jsPlumb' is not defined                  no-undef
   125:3   warning  '$' is not defined                        no-undef
   130:3   warning  '$' is not defined                        no-undef
   132:11  warning  '$' is not defined                        no-undef
   138:16  warning  Empty block statement                     no-empty
   140:18  warning  '$' is not defined                        no-undef
   141:13  warning  'a' is already defined                    no-redeclare
   146:16  warning  Empty block statement                     no-empty
   148:18  warning  '$' is not defined                        no-undef
   149:13  warning  'a' is already defined                    no-redeclare
   154:16  warning  Empty block statement                     no-empty
   156:18  warning  '$' is not defined                        no-undef
   157:13  warning  'a' is already defined                    no-redeclare
   162:16  warning  Empty block statement                     no-empty
   164:18  warning  '$' is not defined                        no-undef
   165:13  warning  'a' is already defined                    no-redeclare
   170:16  warning  Empty block statement                     no-empty
   172:18  warning  '$' is not defined                        no-undef
   173:13  warning  'a' is already defined                    no-redeclare
   179:18  warning  '$' is not defined                        no-undef
   180:13  warning  'a' is already defined                    no-redeclare
   185:16  warning  Empty block statement                     no-empty
   187:18  warning  '$' is not defined                        no-undef
   188:13  warning  'a' is already defined                    no-redeclare
   193:16  warning  Empty block statement                     no-empty
   195:18  warning  '$' is not defined                        no-undef
   196:13  warning  'a' is already defined                    no-redeclare
   201:16  warning  Empty block statement                     no-empty
   589:12  warning  'createEnd' is defined but never used     no-unused-vars
   995:7   warning  'plotData' is not defined                 no-undef
   999:38  warning  'event' is defined but never used         no-unused-vars
  1018:7   warning  'openPopup' is not defined                no-undef
  1022:12  warning  'detach' is defined but never used        no-unused-vars
  1038:14  warning  'ele' is already defined                  no-redeclare
  1053:3   warning  '$' is not defined                        no-undef
  1058:3   warning  '$' is not defined                        no-undef
  1060:5   warning  '$' is not defined                        no-undef
  1061:30  warning  '$' is not defined                        no-undef
  1064:5   warning  '$' is not defined                        no-undef
  1092:5   warning  '$' is not defined                        no-undef
  1124:5   warning  '$' is not defined                        no-undef
  1124:42  warning  'event' is defined but never used         no-unused-vars
  1125:7   warning  '$' is not defined                        no-undef
  1129:4   warning  '$' is not defined                        no-undef
  1131:5   warning  '$' is not defined                        no-undef
  1132:30  warning  '$' is not defined                        no-undef
  1135:7   warning  '$' is not defined                        no-undef
  1163:7   warning  '$' is not defined                        no-undef
  1191:5   warning  '$' is not defined                        no-undef
  1191:42  warning  'event' is defined but never used         no-unused-vars
  1192:7   warning  '$' is not defined                        no-undef
  1197:3   warning  '$' is not defined                        no-undef
  1199:5   warning  '$' is not defined                        no-undef
  1200:30  warning  '$' is not defined                        no-undef
  1203:7   warning  '$' is not defined                        no-undef
  1237:7   warning  '$' is not defined                        no-undef
  1271:5   warning  '$' is not defined                        no-undef
  1271:42  warning  'event' is defined but never used         no-unused-vars
  1272:7   warning  '$' is not defined                        no-undef
  1276:1   warning  '$' is not defined                        no-undef
  1278:3   warning  '$' is not defined                        no-undef
  1279:28  warning  '$' is not defined                        no-undef
  1281:3   warning  '$' is not defined                        no-undef
  1296:3   warning  '$' is not defined                        no-undef
  1296:40  warning  'event' is defined but never used         no-unused-vars
  1297:5   warning  '$' is not defined                        no-undef
  1300:1   warning  '$' is not defined                        no-undef
  1302:3   warning  '$' is not defined                        no-undef
  1303:28  warning  '$' is not defined                        no-undef
  1305:3   warning  '$' is not defined                        no-undef
  1320:3   warning  '$' is not defined                        no-undef
  1320:40  warning  'event' is defined but never used         no-unused-vars
  1321:5   warning  '$' is not defined                        no-undef
  1324:1   warning  '$' is not defined                        no-undef
  1326:3   warning  '$' is not defined                        no-undef
  1327:28  warning  '$' is not defined                        no-undef
  1329:3   warning  '$' is not defined                        no-undef
  1344:3   warning  '$' is not defined                        no-undef
  1344:40  warning  'event' is defined but never used         no-unused-vars
  1345:5   warning  '$' is not defined                        no-undef
  1350:3   warning  '$' is not defined                        no-undef
  1352:5   warning  '$' is not defined                        no-undef
  1353:30  warning  '$' is not defined                        no-undef
  1356:7   warning  '$' is not defined                        no-undef
  1391:7   warning  '$' is not defined                        no-undef
  1425:5   warning  '$' is not defined                        no-undef
  1425:42  warning  'event' is defined but never used         no-unused-vars
  1426:7   warning  '$' is not defined                        no-undef
  1430:3   warning  '$' is not defined                        no-undef
  1432:5   warning  '$' is not defined                        no-undef
  1433:30  warning  '$' is not defined                        no-undef
  1436:7   warning  '$' is not defined                        no-undef
  1471:7   warning  '$' is not defined                        no-undef
  1505:5   warning  '$' is not defined                        no-undef
  1505:42  warning  'event' is defined but never used         no-unused-vars
  1506:7   warning  '$' is not defined                        no-undef
  1513:10  warning  'dLSubmited' is defined but never used    no-unused-vars
  1520:5   warning  '$' is not defined                        no-undef
  1525:5   warning  'plotData' is not defined                 no-undef
  1530:10  warning  'vlotEnter' is defined but never used     no-unused-vars
  1533:3   warning  '$' is not defined                        no-undef
  1535:5   warning  'plotData' is not defined                 no-undef
  1538:10  warning  'freqEnter' is defined but never used     no-unused-vars
  1541:3   warning  '$' is not defined                        no-undef
  1543:5   warning  'plotData' is not defined                 no-undef
  1547:10  warning  'changeName' is defined but never used    no-unused-vars
  1550:3   warning  '$' is not defined                        no-undef
  1552:5   warning  'plotData' is not defined                 no-undef
  1556:10  warning  'changeValue' is defined but never used   no-unused-vars
  1559:3   warning  '$' is not defined                        no-undef
  1561:10  warning  'dcSubmited' is defined but never used    no-unused-vars
  1567:7   warning  'openPopup' is not defined                no-undef
  1576:7   warning  '$' is not defined                        no-undef
  1582:9   warning  '$' is not defined                        no-undef
  1583:9   warning  '$' is not defined                        no-undef
  1590:7   warning  '$' is not defined                        no-undef
  1593:11  warning  'connectedGatePulse' is already defined   no-redeclare
  1596:9   warning  '$' is not defined                        no-undef
  1597:9   warning  '$' is not defined                        no-undef
  1606:9   warning  'openPopup' is not defined                no-undef
  1608:9   warning  'openPopup' is not defined                no-undef
  1617:9   warning  '$' is not defined                        no-undef
  1620:13  warning  'connectedGatePulse' is already defined   no-redeclare
  1623:11  warning  '$' is not defined                        no-undef
  1624:11  warning  '$' is not defined                        no-undef
  1634:9   warning  'openPopup' is not defined                no-undef
  1636:9   warning  'openPopup' is not defined                no-undef
  1645:9   warning  '$' is not defined                        no-undef
  1648:13  warning  'connectedGatePulse' is already defined   no-redeclare
  1651:11  warning  '$' is not defined                        no-undef
  1652:11  warning  '$' is not defined                        no-undef
  1664:5   warning  'plotData' is not defined                 no-undef
  1687:10  warning  'acSubmited' is defined but never used    no-unused-vars
  1693:5   warning  '$' is not defined                        no-undef
  1700:5   warning  '$' is not defined                        no-undef
  1704:5   warning  'plotData' is not defined                 no-undef
  1707:10  warning  'DcSubmited' is defined but never used    no-unused-vars
  1714:5   warning  '$' is not defined                        no-undef
  1719:5   warning  'plotData' is not defined                 no-undef
  1723:10  warning  'instchange' is defined but never used    no-unused-vars
  1727:1   warning  '$' is not defined                        no-undef
  1728:3   warning  '$' is not defined                        no-undef
  1729:5   warning  '$' is not defined                        no-undef
  1735:7   warning  'openPopup' is not defined                no-undef
  1741:7   warning  'openPopup' is not defined                no-undef
  1751:5   warning  'openPopup' is not defined                no-undef
  1759:5   warning  'count' is already defined                no-redeclare
  1761:10  warning  'showreadings' is defined but never used  no-unused-vars
  1795:7   warning  'openPopup' is not defined                no-undef

 826 problems (0 errors, 826 warnings)

